Arguments: 
  /usr/local/Cellar/node/14.6.0/bin/node /usr/local/Cellar/yarn/1.22.4/libexec/bin/yarn.js add -D @babel-core babel-loader @babel/preset-env

PATH: 
  /Users/andriimoisol/.pyenv/shims:/Users/andriimoisol/.pyenv/bin:/opt/local/bin:/opt/local/sbin:/usr/local/bin:/usr/bin:/bin:/usr/sbin:/sbin:/Library/TeX/texbin:/Library/Apple/usr/bin:/Library/Frameworks/Mono.framework/Versions/Current/Commands:/Users/andriimoisol/.pyenv/shims:/Users/andriimoisol/.pyenv/bin:/opt/local/bin:/opt/local/sbin

Yarn version: 
  1.22.4

Node version: 
  14.6.0

Platform: 
  darwin x64

Trace: 
  Error: https://registry.yarnpkg.com/@babel-core: Request "https://registry.yarnpkg.com/@babel-core" returned a 405
      at Request.params.callback [as _callback] (/usr/local/Cellar/yarn/1.22.4/libexec/lib/cli.js:66996:18)
      at Request.self.callback (/usr/local/Cellar/yarn/1.22.4/libexec/lib/cli.js:140748:22)
      at Request.emit (events.js:314:20)
      at Request.<anonymous> (/usr/local/Cellar/yarn/1.22.4/libexec/lib/cli.js:141720:10)
      at Request.emit (events.js:314:20)
      at IncomingMessage.<anonymous> (/usr/local/Cellar/yarn/1.22.4/libexec/lib/cli.js:141642:12)
      at Object.onceWrapper (events.js:420:28)
      at IncomingMessage.emit (events.js:326:22)
      at endReadableNT (_stream_readable.js:1244:12)
      at processTicksAndRejections (internal/process/task_queues.js:80:21)

npm manifest: 
  {
    "name": "notesapp",
    "version": "1.0.0",
    "description": "",
    "scripts": {
      "test": "echo \"Error: no test specified\" && exit 1"
    },
    "repository": {
      "type": "git",
      "url": "git+https://github.com/Arideno/Notes.git"
    },
    "author": "",
    "license": "ISC",
    "bugs": {
      "url": "https://github.com/Arideno/Notes/issues"
    },
    "homepage": "https://github.com/Arideno/Notes#readme"
  }

yarn manifest: 
  No manifest

Lockfile: 
  No lockfile
